
========================[ Jun 30, 2014  5:31 PM ]========================
Version 2.2.26 [Sep-21-2011]
Started database file "/home/popova/Programs/STAP/tmp/cluster_4_0.611.tmp.88280.34877.blastdb"
Formatted 2111 sequences in volume 0
SUCCESS: formatted database /home/popova/Programs/STAP/tmp/cluster_4_0.611.tmp.88280.34877.blastdb

========================[ Aug 6, 2014  3:54 PM ]========================
Version 2.2.26 [Sep-21-2011]
Started database file "/home/popova/Programs/STAP/tmp/cluster_1_0.402.tmp.3168.25983.blastdb"
Formatted 215 sequences in volume 0
SUCCESS: formatted database /home/popova/Programs/STAP/tmp/cluster_1_0.402.tmp.3168.25983.blastdb

========================[ Aug 6, 2014  3:56 PM ]========================
Version 2.2.26 [Sep-21-2011]
Started database file "/home/popova/Programs/STAP/tmp/cluster_5_0.070.tmp.6364.26110.blastdb"
Formatted 3305 sequences in volume 0
SUCCESS: formatted database /home/popova/Programs/STAP/tmp/cluster_5_0.070.tmp.6364.26110.blastdb

========================[ Aug 6, 2014  3:58 PM ]========================
Version 2.2.26 [Sep-21-2011]
Started database file "/home/popova/Programs/STAP/tmp/cluster_10_0.086.tmp.38578.26227.blastdb"
Formatted 3305 sequences in volume 0
SUCCESS: formatted database /home/popova/Programs/STAP/tmp/cluster_10_0.086.tmp.38578.26227.blastdb

========================[ Aug 6, 2014  4:01 PM ]========================
Version 2.2.26 [Sep-21-2011]
Started database file "/home/popova/Programs/STAP/tmp/cluster_1_0.534.tmp.90706.26398.blastdb"
Formatted 10842 sequences in volume 0
SUCCESS: formatted database /home/popova/Programs/STAP/tmp/cluster_1_0.534.tmp.90706.26398.blastdb

========================[ Aug 6, 2014  4:03 PM ]========================
Version 2.2.26 [Sep-21-2011]
Started database file "/home/popova/Programs/STAP/tmp/cluster_2_0.084.tmp.8372.26527.blastdb"
Formatted 1083 sequences in volume 0
SUCCESS: formatted database /home/popova/Programs/STAP/tmp/cluster_2_0.084.tmp.8372.26527.blastdb

========================[ Aug 6, 2014  4:05 PM ]========================
Version 2.2.26 [Sep-21-2011]
Started database file "/home/popova/Programs/STAP/tmp/cluster_4_0.358.tmp.18226.26642.blastdb"
Formatted 10842 sequences in volume 0
SUCCESS: formatted database /home/popova/Programs/STAP/tmp/cluster_4_0.358.tmp.18226.26642.blastdb

========================[ Aug 7, 2014 12:35 PM ]========================
Version 2.2.26 [Sep-21-2011]
Started database file "/home/popova/Programs/STAP/tmp/cluster_1_0.206.tmp.37583.00484.blastdb"
Formatted 637 sequences in volume 0
SUCCESS: formatted database /home/popova/Programs/STAP/tmp/cluster_1_0.206.tmp.37583.00484.blastdb

========================[ Aug 7, 2014 12:37 PM ]========================
Version 2.2.26 [Sep-21-2011]
Started database file "/home/popova/Programs/STAP/tmp/cluster_4_0.055.tmp.12309.00572.blastdb"
Formatted 62 sequences in volume 0
SUCCESS: formatted database /home/popova/Programs/STAP/tmp/cluster_4_0.055.tmp.12309.00572.blastdb

========================[ Aug 7, 2014 12:56 PM ]========================
Version 2.2.26 [Sep-21-2011]
Started database file "/home/popova/Programs/STAP/tmp/cluster_1_0.206.tmp.70904.01701.blastdb"
Formatted 1144 sequences in volume 0
SUCCESS: formatted database /home/popova/Programs/STAP/tmp/cluster_1_0.206.tmp.70904.01701.blastdb

========================[ Aug 7, 2014 12:57 PM ]========================
Version 2.2.26 [Sep-21-2011]
Started database file "/home/popova/Programs/STAP/tmp/cluster_4_0.055.tmp.51363.01805.blastdb"
Formatted 62 sequences in volume 0
SUCCESS: formatted database /home/popova/Programs/STAP/tmp/cluster_4_0.055.tmp.51363.01805.blastdb

========================[ Aug 7, 2014  1:24 PM ]========================
Version 2.2.26 [Sep-21-2011]
Started database file "/home/popova/Programs/STAP/tmp/cluster_1_0.206.tmp.74652.03367.blastdb"
Formatted 1144 sequences in volume 0
SUCCESS: formatted database /home/popova/Programs/STAP/tmp/cluster_1_0.206.tmp.74652.03367.blastdb

========================[ Aug 7, 2014  1:25 PM ]========================
Version 2.2.26 [Sep-21-2011]
Started database file "/home/popova/Programs/STAP/tmp/cluster_4_0.055.tmp.35645.03485.blastdb"
Formatted 62 sequences in volume 0
SUCCESS: formatted database /home/popova/Programs/STAP/tmp/cluster_4_0.055.tmp.35645.03485.blastdb

========================[ Aug 7, 2014  1:26 PM ]========================
Version 2.2.26 [Sep-21-2011]
Started database file "/home/popova/Programs/STAP/tmp/cluster_9_0.057.tmp.39519.03574.blastdb"
Formatted 607 sequences in volume 0
SUCCESS: formatted database /home/popova/Programs/STAP/tmp/cluster_9_0.057.tmp.39519.03574.blastdb

========================[ Aug 7, 2014  1:28 PM ]========================
Version 2.2.26 [Sep-21-2011]
Started database file "/home/popova/Programs/STAP/tmp/cluster_12_0.065.tmp.25009.03657.blastdb"
Formatted 1144 sequences in volume 0
SUCCESS: formatted database /home/popova/Programs/STAP/tmp/cluster_12_0.065.tmp.25009.03657.blastdb

========================[ Aug 7, 2014  1:30 PM ]========================
Version 2.2.26 [Sep-21-2011]
Started database file "/home/popova/Programs/STAP/tmp/cluster_13_0.054.tmp.28867.03769.blastdb"
Formatted 268 sequences in volume 0
SUCCESS: formatted database /home/popova/Programs/STAP/tmp/cluster_13_0.054.tmp.28867.03769.blastdb

========================[ Aug 7, 2014  1:32 PM ]========================
Version 2.2.26 [Sep-21-2011]
Started database file "/home/popova/Programs/STAP/tmp/cluster_24_0.092.tmp.63546.03855.blastdb"
Formatted 1083 sequences in volume 0
SUCCESS: formatted database /home/popova/Programs/STAP/tmp/cluster_24_0.092.tmp.63546.03855.blastdb

========================[ Aug 7, 2014  1:34 PM ]========================
Version 2.2.26 [Sep-21-2011]
Started database file "/home/popova/Programs/STAP/tmp/cluster_26_0.099.tmp.85383.03981.blastdb"
Formatted 771 sequences in volume 0
SUCCESS: formatted database /home/popova/Programs/STAP/tmp/cluster_26_0.099.tmp.85383.03981.blastdb

========================[ Aug 7, 2014  1:44 PM ]========================
Version 2.2.26 [Sep-21-2011]
Started database file "/home/popova/Programs/STAP/tmp/cluster_1_0.206.tmp.13613.04628.blastdb"
Formatted 1144 sequences in volume 0
SUCCESS: formatted database /home/popova/Programs/STAP/tmp/cluster_1_0.206.tmp.13613.04628.blastdb

========================[ Aug 7, 2014  1:46 PM ]========================
Version 2.2.26 [Sep-21-2011]
Started database file "/home/popova/Programs/STAP/tmp/cluster_4_0.055.tmp.34026.04732.blastdb"
Formatted 62 sequences in volume 0
SUCCESS: formatted database /home/popova/Programs/STAP/tmp/cluster_4_0.055.tmp.34026.04732.blastdb

========================[ Aug 7, 2014  2:28 PM ]========================
Version 2.2.26 [Sep-21-2011]
Started database file "/home/popova/Programs/STAP/tmp/cluster_9_0.057.tmp.66622.07281.blastdb"
Formatted 607 sequences in volume 0
SUCCESS: formatted database /home/popova/Programs/STAP/tmp/cluster_9_0.057.tmp.66622.07281.blastdb

========================[ Aug 7, 2014  2:38 PM ]========================
Version 2.2.26 [Sep-21-2011]
Started database file "/home/popova/Programs/STAP/tmp/cluster_1_0.206.tmp.77368.07829.blastdb"
Formatted 1144 sequences in volume 0
SUCCESS: formatted database /home/popova/Programs/STAP/tmp/cluster_1_0.206.tmp.77368.07829.blastdb

========================[ Aug 7, 2014  2:39 PM ]========================
Version 2.2.26 [Sep-21-2011]
Started database file "/home/popova/Programs/STAP/tmp/cluster_4_0.055.tmp.66490.07933.blastdb"
Formatted 62 sequences in volume 0
SUCCESS: formatted database /home/popova/Programs/STAP/tmp/cluster_4_0.055.tmp.66490.07933.blastdb

========================[ Aug 7, 2014  2:42 PM ]========================
Version 2.2.26 [Sep-21-2011]
Started database file "/home/popova/Programs/STAP/tmp/cluster_1_0.206.tmp.24503.08086.blastdb"
Formatted 1144 sequences in volume 0
SUCCESS: formatted database /home/popova/Programs/STAP/tmp/cluster_1_0.206.tmp.24503.08086.blastdb

========================[ Aug 7, 2014  2:44 PM ]========================
Version 2.2.26 [Sep-21-2011]
Started database file "/home/popova/Programs/STAP/tmp/cluster_4_0.055.tmp.16377.08190.blastdb"
Formatted 62 sequences in volume 0
SUCCESS: formatted database /home/popova/Programs/STAP/tmp/cluster_4_0.055.tmp.16377.08190.blastdb

========================[ Aug 7, 2014  2:51 PM ]========================
Version 2.2.26 [Sep-21-2011]
Started database file "/home/popova/Programs/STAP/tmp/cluster_1_0.206.tmp.59056.08625.blastdb"
Formatted 1144 sequences in volume 0
SUCCESS: formatted database /home/popova/Programs/STAP/tmp/cluster_1_0.206.tmp.59056.08625.blastdb

========================[ Aug 7, 2014  2:53 PM ]========================
Version 2.2.26 [Sep-21-2011]
Started database file "/home/popova/Programs/STAP/tmp/cluster_4_0.055.tmp.19329.08729.blastdb"
Formatted 62 sequences in volume 0
SUCCESS: formatted database /home/popova/Programs/STAP/tmp/cluster_4_0.055.tmp.19329.08729.blastdb

========================[ Aug 7, 2014  2:54 PM ]========================
Version 2.2.26 [Sep-21-2011]
Started database file "/home/popova/Programs/STAP/tmp/cluster_12_0.065.tmp.47170.08809.blastdb"
Formatted 637 sequences in volume 0
SUCCESS: formatted database /home/popova/Programs/STAP/tmp/cluster_12_0.065.tmp.47170.08809.blastdb

========================[ Aug 7, 2014  2:55 PM ]========================
Version 2.2.26 [Sep-21-2011]
Started database file "/home/popova/Programs/STAP/tmp/cluster_13_0.054.tmp.20381.08910.blastdb"
Formatted 16968 sequences in volume 0
SUCCESS: formatted database /home/popova/Programs/STAP/tmp/cluster_13_0.054.tmp.20381.08910.blastdb

========================[ Aug 7, 2014  2:58 PM ]========================
Version 2.2.26 [Sep-21-2011]
Started database file "/home/popova/Programs/STAP/tmp/cluster_1_0.206.tmp.47836.09076.blastdb"
Formatted 1144 sequences in volume 0
SUCCESS: formatted database /home/popova/Programs/STAP/tmp/cluster_1_0.206.tmp.47836.09076.blastdb

========================[ Aug 7, 2014  3:00 PM ]========================
Version 2.2.26 [Sep-21-2011]
Started database file "/home/popova/Programs/STAP/tmp/cluster_4_0.055.tmp.34410.09180.blastdb"
Formatted 62 sequences in volume 0
SUCCESS: formatted database /home/popova/Programs/STAP/tmp/cluster_4_0.055.tmp.34410.09180.blastdb

========================[ Aug 7, 2014  3:02 PM ]========================
Version 2.2.26 [Sep-21-2011]
Started database file "/home/popova/Programs/STAP/tmp/cluster_12_0.065.tmp.7194.09262.blastdb"
Formatted 637 sequences in volume 0
SUCCESS: formatted database /home/popova/Programs/STAP/tmp/cluster_12_0.065.tmp.7194.09262.blastdb

========================[ Aug 7, 2014  3:03 PM ]========================
Version 2.2.26 [Sep-21-2011]
Started database file "/home/popova/Programs/STAP/tmp/cluster_13_0.054.tmp.14245.09364.blastdb"
Formatted 16968 sequences in volume 0
SUCCESS: formatted database /home/popova/Programs/STAP/tmp/cluster_13_0.054.tmp.14245.09364.blastdb

========================[ Aug 7, 2014  3:05 PM ]========================
Version 2.2.26 [Sep-21-2011]
Started database file "/home/popova/Programs/STAP/tmp/cluster_24_0.092.tmp.90659.09456.blastdb"
Formatted 1083 sequences in volume 0
SUCCESS: formatted database /home/popova/Programs/STAP/tmp/cluster_24_0.092.tmp.90659.09456.blastdb

========================[ Aug 7, 2014  3:07 PM ]========================
Version 2.2.26 [Sep-21-2011]
Started database file "/home/popova/Programs/STAP/tmp/cluster_26_0.099.tmp.99414.09569.blastdb"
Formatted 145 sequences in volume 0
SUCCESS: formatted database /home/popova/Programs/STAP/tmp/cluster_26_0.099.tmp.99414.09569.blastdb

========================[ Aug 7, 2014  4:13 PM ]========================
Version 2.2.26 [Sep-21-2011]
Started database file "/home/popova/Programs/STAP/tmp/cluster_9_0.057.tmp.18644.13595.blastdb"
Formatted 607 sequences in volume 0
SUCCESS: formatted database /home/popova/Programs/STAP/tmp/cluster_9_0.057.tmp.18644.13595.blastdb

========================[ Aug 7, 2014  4:15 PM ]========================
Version 2.2.26 [Sep-21-2011]
Started database file "/home/popova/Programs/STAP/tmp/cluster_1_0.206.tmp.77086.13673.blastdb"
Formatted 1144 sequences in volume 0
SUCCESS: formatted database /home/popova/Programs/STAP/tmp/cluster_1_0.206.tmp.77086.13673.blastdb

========================[ Aug 7, 2014  4:17 PM ]========================
Version 2.2.26 [Sep-21-2011]
Started database file "/home/popova/Programs/STAP/tmp/cluster_4_0.055.tmp.49021.13779.blastdb"
Formatted 62 sequences in volume 0
SUCCESS: formatted database /home/popova/Programs/STAP/tmp/cluster_4_0.055.tmp.49021.13779.blastdb

========================[ Aug 7, 2014  4:18 PM ]========================
Version 2.2.26 [Sep-21-2011]
Started database file "/home/popova/Programs/STAP/tmp/cluster_12_0.065.tmp.38718.13861.blastdb"
Formatted 637 sequences in volume 0
SUCCESS: formatted database /home/popova/Programs/STAP/tmp/cluster_12_0.065.tmp.38718.13861.blastdb

========================[ Aug 7, 2014  4:20 PM ]========================
Version 2.2.26 [Sep-21-2011]
Started database file "/home/popova/Programs/STAP/tmp/cluster_13_0.054.tmp.66251.13962.blastdb"
Formatted 16968 sequences in volume 0
SUCCESS: formatted database /home/popova/Programs/STAP/tmp/cluster_13_0.054.tmp.66251.13962.blastdb

========================[ Aug 7, 2014  4:21 PM ]========================
Version 2.2.26 [Sep-21-2011]
Started database file "/home/popova/Programs/STAP/tmp/cluster_24_0.092.tmp.50888.14054.blastdb"
Formatted 1083 sequences in volume 0
SUCCESS: formatted database /home/popova/Programs/STAP/tmp/cluster_24_0.092.tmp.50888.14054.blastdb

========================[ Aug 7, 2014  4:23 PM ]========================
Version 2.2.26 [Sep-21-2011]
Started database file "/home/popova/Programs/STAP/tmp/cluster_26_0.099.tmp.36390.14167.blastdb"
Formatted 145 sequences in volume 0
SUCCESS: formatted database /home/popova/Programs/STAP/tmp/cluster_26_0.099.tmp.36390.14167.blastdb

========================[ Aug 7, 2014  4:27 PM ]========================
Version 2.2.26 [Sep-21-2011]
Started database file "/home/popova/Programs/STAP/tmp/cluster_1_0.342.tmp.42012.14390.blastdb"
Formatted 3305 sequences in volume 0
SUCCESS: formatted database /home/popova/Programs/STAP/tmp/cluster_1_0.342.tmp.42012.14390.blastdb

========================[ Aug 7, 2014  4:30 PM ]========================
Version 2.2.26 [Sep-21-2011]
Started database file "/home/popova/Programs/STAP/tmp/cluster_2_0.069.tmp.51308.14521.blastdb"
Formatted 3305 sequences in volume 0
SUCCESS: formatted database /home/popova/Programs/STAP/tmp/cluster_2_0.069.tmp.51308.14521.blastdb

========================[ Aug 7, 2014  4:31 PM ]========================
Version 2.2.26 [Sep-21-2011]
Started database file "/home/popova/Programs/STAP/tmp/cluster_9_0.064.tmp.2481.14647.blastdb"
Formatted 11096 sequences in volume 0
SUCCESS: formatted database /home/popova/Programs/STAP/tmp/cluster_9_0.064.tmp.2481.14647.blastdb

========================[ Aug 7, 2014  4:33 PM ]========================
Version 2.2.26 [Sep-21-2011]
Started database file "/home/popova/Programs/STAP/tmp/cluster_12_0.085.tmp.93652.14756.blastdb"
Formatted 16968 sequences in volume 0
SUCCESS: formatted database /home/popova/Programs/STAP/tmp/cluster_12_0.085.tmp.93652.14756.blastdb

========================[ Aug 11, 2014  8:22 PM ]========================
Version 2.2.26 [Sep-21-2011]
Started database file "/home/popova/Programs/STAP/tmp/cluster_1_0.325.tmp.50666.74048.blastdb"
Formatted 695 sequences in volume 0
SUCCESS: formatted database /home/popova/Programs/STAP/tmp/cluster_1_0.325.tmp.50666.74048.blastdb

========================[ Aug 11, 2014  8:24 PM ]========================
Version 2.2.26 [Sep-21-2011]
Started database file "/home/popova/Programs/STAP/tmp/cluster_3_0.100.tmp.11677.74159.blastdb"
Formatted 1992 sequences in volume 0
SUCCESS: formatted database /home/popova/Programs/STAP/tmp/cluster_3_0.100.tmp.11677.74159.blastdb

========================[ Aug 18, 2014  5:50 PM ]========================
Version 2.2.26 [Sep-21-2011]
Started database file "/home/popova/Programs/STAP/tmp/cluster_10_0.066.tmp.58769.69693.blastdb"
Formatted 10842 sequences in volume 0
SUCCESS: formatted database /home/popova/Programs/STAP/tmp/cluster_10_0.066.tmp.58769.69693.blastdb
